[DEBUG  ][beautifier_CLI] Start from command line, Thu Aug 19 16:04:49 2021
[DEBUG  ][beautifier_CLI] Dirpath: /home/lmx/Github/tikz_beautifier/python filename main.py
[DEBUG  ][run           ] Starting open_file
[DEBUG  ][run           ] Ending   open_file            in 0.0   s.
[DEBUG  ][run           ] Starting beautifier
[DEBUG  ][beautifier    ] Start from function, Thu Aug 19 16:04:49 2021
[DEBUG  ][beautifier    ] Dirpath: /home/lmx/Github/tikz_beautifier/python filename main.py
[DEBUG  ][run           ] Starting Latex
[DEBUG  ][run           ] Ending   Latex                in 0.0   s.
[DEBUG  ][run           ] Starting set_colors
[DEBUG  ][run           ] Ending   set_colors           in 0.001 s.
[DEBUG  ][run           ] Starting show_source
[INFO   ][show_source   ] source:

hey

[DEBUG  ][run           ] Ending   show_source          in 0.0   s.
[DEBUG  ][run           ] Starting set_clip
[DEBUG  ][run           ] Ending   set_clip             in 0.0   s.
[DEBUG  ][run           ] Starting round_digit
[DEBUG  ][run           ] Ending   round_digit          in 0.0   s.
[DEBUG  ][run           ] Starting sort_lines
[DEBUG  ][run           ] Ending   sort_lines           in 0.0   s.
[DEBUG  ][run           ] Skipping tikz_only
[DEBUG  ][run           ] Starting get_result
[DEBUG  ][run           ] Ending   get_result           in 0.0   s.
[DEBUG  ][run           ] Ending   beautifier           in 0.003 s.
[DEBUG  ][run           ] Starting show_result
[INFO   ][show_result   ] Result:

hey

[DEBUG  ][run           ] Ending   show_result          in 0.0   s.
[DEBUG  ][run           ] Starting save
[INFO   ][save          ] file save as./tikz_to_convert_clear.tikz
[DEBUG  ][run           ] Ending   save                 in 0.0   s.
[DEBUG  ][beautifier_CLI] End at Thu Aug 19 16:04:49 2021s
