[DEBUG  ][beautifier_CLI] Start from command line, Sat Aug 28 11:41:30 2021
[DEBUG  ][beautifier_CLI] Dirpath: /home/lmx/Github/tikz_beautifier/python filename main.py
[DEBUG  ][run           ] Starting open_file
[DEBUG  ][run           ] Ending   open_file            in 0.0   s.
[DEBUG  ][run           ] Starting beautifier
[DEBUG  ][beautifier    ] Start from function, Sat Aug 28 11:41:30 2021
[DEBUG  ][beautifier    ] Dirpath: /home/lmx/Github/tikz_beautifier/python filename main.py
[DEBUG  ][run           ] Starting Latex
[DEBUG  ][run           ] Ending   Latex                in 0.021 s.
[DEBUG  ][run           ] Starting set_colors
[DEBUG  ][run           ] Ending   set_colors           in 0.004 s.
[DEBUG  ][run           ] Starting show_source
[INFO   ][show_source   ] source:

\documentclass[10pt]{article}
\usepackage{pgfplots}
\pgfplotsset{compat=1.15}
\usepackage{mathrsfs}
\usetikzlibrary{arrows}
\pagestyle{empty}
\begin{document}
\definecolor{ududff}{rgb}{0.30196078431372547,0.30196078431372547,1}
\begin{tikzpicture}[line cap=round,line join=round,>=triangle 45,x=1cm,y=1cm]
\begin{axis}[
x=1cm,y=1cm,
axis lines=middle,
ymajorgrids=true,
xmajorgrids=true,
xmin=-10.52,
xmax=10.52,
ymin=-9.27,
ymax=4.71,
xtick={-10,-9,...,10},
ytick={-9,-8,...,4},]
\clip(-10.52,-9.27) rectangle (10.52,4.71);
\draw [line width=2pt,domain=-10.52:10.52] plot(\x,{(--12.3492--0.8*\x)/3.72});
\draw [line width=2pt] (-3.3,2.61) circle (1.755591068557823cm);
\begin{scriptsize}
\draw [fill=ududff] (-7.02,1.81) circle (2.5pt);
\draw[color=ududff] (-6.86,2.24) node {$A$};
\draw [fill=ududff] (-3.3,2.61) circle (2.5pt);
\draw[color=ududff] (-3.14,3.04) node {$B$};
\draw[color=black] (-10.34,1.02) node {$f$};
\draw [fill=ududff] (-4,1) circle (2.5pt);
\draw[color=ududff] (-3.84,1.42) node {$C$};
\draw[color=black] (-4.1,3.94) node {$c$};
\end{scriptsize}
\end{axis}
\end{tikzpicture}
\end{document}

[DEBUG  ][run           ] Ending   show_source          in 0.0   s.
[DEBUG  ][run           ] Skipping set_clip
[DEBUG  ][run           ] Starting round_digit
[DEBUG  ][run           ] Ending   round_digit          in 0.002 s.
[DEBUG  ][run           ] Starting sort_lines
[DEBUG  ][run           ] Ending   sort_lines           in 0.003 s.
[DEBUG  ][run           ] Starting tikz_only
[DEBUG  ][run           ] Ending   tikz_only            in 0.001 s.
[DEBUG  ][run           ] Starting get_result
[DEBUG  ][run           ] Ending   get_result           in 0.001 s.
[DEBUG  ][run           ] Ending   beautifier           in 0.033 s.
[DEBUG  ][run           ] Starting show_result
[INFO   ][show_result   ] Result:

\begin{tikzpicture}[line cap=round, line join=round, >=triangle 45, x=1cm, y=1cm]
	\begin{axis}[
			x=1cm, y=1cm,
			axis lines=middle,
			ymajorgrids=true,
			xmajorgrids=true,
			xmin=-10.52,
			xmax=10.52,
			ymin=-9.27,
			ymax=4.71,
			xtick={-10, -9, ... , 10},
			ytick={-9, -8, ... , 4},]
		\clip(-10.52, -9.27) rectangle (10.52, 4.71);
		\draw[line width=2pt, domain=-10.52:10.52] plot (\x, {(-- 12.349 -- 0.8*\x)/3.72});
		\draw[line width=2pt](-3.3, 2.61) circle (1.756cm);
		\begin{scriptsize}
			\draw[fill=Neon_Blue](-7.02, 1.81) circle (2.5pt);
			\draw[color=Neon_Blue](-6.86, 2.24) node {$A$};
			\draw[fill=Neon_Blue](-3.3, 2.61) circle (2.5pt);
			\draw[color=Neon_Blue](-3.14, 3.04) node {$B$};
			\draw[color=black](-10.34, 1.02) node {$f$};
			\draw[fill=Neon_Blue](-4, 1) circle (2.5pt);
			\draw[color=Neon_Blue](-3.84, 1.42) node {$C$};
			\draw[color=black](-4.1, 3.94) node {$c$};
		\end{scriptsize}
	\end{axis}
\end{tikzpicture}

[DEBUG  ][run           ] Ending   show_result          in 0.0   s.
[DEBUG  ][run           ] Starting save
[INFO   ][save          ] file save as./example_tikz/tikz1_clear.tikz
[DEBUG  ][run           ] Ending   save                 in 0.0   s.
[DEBUG  ][beautifier_CLI] End at Sat Aug 28 11:41:30 2021s
